<?xml version="1.0" encoding="UTF-8"?>
<!-- Generated by org.testng.reporters.JUnitXMLReporter -->
<testsuite ignored="0" hostname="CPC-rusha-RDE7I" failures="0" tests="9" name="Default test" time="0.106" errors="0" timestamp="2023-07-18T13:28:51 IST">
  <testcase classname="parallelExecution.testClass3" name="testFour" time="0.011"/>
  <testcase classname="parallelExecution.testClass3" name="testFour" time="0.013"/>
  <testcase classname="parallelExecution.testClass3" name="testFour" time="0.013"/>
  <testcase classname="parallelExecution.testClass3" name="testFour" time="0.001"/>
  <testcase classname="parallelExecution.testClass3" name="testFour" time="0.001"/>
  <testcase classname="parallelExecution.testClass3" name="testFour" time="0.003"/>
  <testcase classname="parallelExecution.testClass3" name="testOne" time="0.002"/>
  <testcase classname="parallelExecution.testClass3" name="testThree" time="0.002"/>
  <testcase classname="parallelExecution.testClass3" name="testTwo" time="0.002"/>
</testsuite> <!-- Default test -->
