<?xml version="1.0" encoding="UTF-8"?>
<!-- Generated by org.testng.reporters.JUnitXMLReporter -->
<testsuite ignored="0" hostname="CPC-rusha-RDE7I" failures="0" tests="3" name="ModuleTestOne" time="0.126" errors="0" timestamp="2023-07-19T11:12:34 IST">
  <testcase classname="testScripts.GooglePageTest" name="@BeforeTest setup" time="0.063">
    <failure type="java.lang.IllegalStateException" message="The path to the driver executable The path to the driver executable must be set by the webdriver.edge.driver system property; for more information, see https://docs.microsoft.com/en-us/microsoft-edge/webdriver-chromium/. The latest version can be downloaded from https://developer.microsoft.com/en-us/microsoft-edge/tools/webdriver/">
      <![CDATA[java.lang.IllegalStateException: The path to the driver executable The path to the driver executable must be set by the webdriver.edge.driver system property; for more information, see https://docs.microsoft.com/en-us/microsoft-edge/webdriver-chromium/. The latest version can be downloaded from https://developer.microsoft.com/en-us/microsoft-edge/tools/webdriver/
at org.openqa.selenium.internal.Require$StateChecker.nonNull(Require.java:311)
at org.openqa.selenium.remote.service.DriverService.findExecutable(DriverService.java:135)
at org.openqa.selenium.edge.EdgeDriverService.access$000(EdgeDriverService.java:40)
at org.openqa.selenium.edge.EdgeDriverService$Builder.findDefaultExecutable(EdgeDriverService.java:171)
at org.openqa.selenium.remote.service.DriverService$Builder.build(DriverService.java:437)
at org.openqa.selenium.edge.EdgeDriver.<init>(EdgeDriver.java:44)
at org.openqa.selenium.edge.EdgeDriver.<init>(EdgeDriver.java:41)
at testScripts.GooglePageTest.setup(GooglePageTest.java:45)
at java.base/java.util.concurrent.FutureTask.run(FutureTask.java:264)
at java.base/java.util.concurrent.ThreadPoolExecutor.runWorker(ThreadPoolExecutor.java:1130)
at java.base/java.util.concurrent.ThreadPoolExecutor$Worker.run(ThreadPoolExecutor.java:630)
at java.base/java.lang.Thread.run(Thread.java:831)
... Removed 15 stack frames]]>
    </failure>
  </testcase> <!-- @BeforeTest setup -->
  <testcase classname="testScripts.GooglePageTest" name="@BeforeTest setupExtent" time="0.0">
    <skipped/>
  </testcase> <!-- @BeforeTest setupExtent -->
  <testcase classname="testScripts.GooglePageTest" name="@BeforeMethod setup" time="0.0">
    <skipped/>
  </testcase> <!-- @BeforeMethod setup -->
  <testcase classname="testScripts.GooglePageTest" name="@AfterMethod tearDown" time="0.0">
    <skipped/>
  </testcase> <!-- @AfterMethod tearDown -->
  <testcase classname="testScripts.GooglePageTest" name="@BeforeMethod setup" time="0.0">
    <skipped/>
  </testcase> <!-- @BeforeMethod setup -->
  <testcase classname="testScripts.GooglePageTest" name="@AfterMethod tearDown" time="0.0">
    <skipped/>
  </testcase> <!-- @AfterMethod tearDown -->
  <testcase classname="testScripts.GooglePageTest" name="@BeforeMethod setup" time="0.0">
    <skipped/>
  </testcase> <!-- @BeforeMethod setup -->
  <testcase classname="testScripts.GooglePageTest" name="@AfterMethod tearDown" time="0.0">
    <skipped/>
  </testcase> <!-- @AfterMethod tearDown -->
  <testcase classname="testScripts.GooglePageTest" name="@AfterTest finishExtent" time="0.0">
    <skipped/>
  </testcase> <!-- @AfterTest finishExtent -->
  <testcase classname="testScripts.GooglePageTest" name="seleniumSearchTest" time="0.001">
    <skipped/>
  </testcase> <!-- seleniumSearchTest -->
  <testcase classname="testScripts.GooglePageTest" name="javaSearchTest" time="0.0">
    <skipped/>
  </testcase> <!-- javaSearchTest -->
  <testcase classname="testScripts.GooglePageTest" name="appiumSearchTest" time="0.001">
    <skipped/>
  </testcase> <!-- appiumSearchTest -->
</testsuite> <!-- ModuleTestOne -->
