<?xml version="1.0" encoding="UTF-8"?>
<!-- Generated by org.testng.reporters.JUnitXMLReporter -->
<testsuite ignored="0" hostname="CPC-rusha-RDE7I" failures="0" tests="8" name="ModuleTest" time="0.08" errors="0" timestamp="2023-07-18T13:12:10 IST">
  <testcase classname="parallelExecution.testClass3" name="testFour" time="0.013"/>
  <testcase classname="parallelExecution.testClass4" name="testFour" time="0.012"/>
  <testcase classname="parallelExecution.testClass3" name="testOne" time="0.001"/>
  <testcase classname="parallelExecution.testClass4" name="testOne" time="0.002"/>
  <testcase classname="parallelExecution.testClass3" name="testThree" time="0.001"/>
  <testcase classname="parallelExecution.testClass4" name="testThree" time="0.004"/>
  <testcase classname="parallelExecution.testClass3" name="testTwo" time="0.002"/>
  <testcase classname="parallelExecution.testClass4" name="testTwo" time="0.002"/>
</testsuite> <!-- ModuleTest -->
