<?xml version="1.0" encoding="UTF-8"?>
<!-- Generated by org.testng.reporters.JUnitXMLReporter -->
<testsuite ignored="0" hostname="CPC-rusha-RDE7I" failures="0" tests="4" name="ModuleTestTwo" time="0.078" errors="0" timestamp="2023-07-18T13:20:28 IST">
  <testcase classname="parallelExecution.testClass5" name="testFour" time="0.018"/>
  <testcase classname="parallelExecution.testClass5" name="testOne" time="0.001"/>
  <testcase classname="parallelExecution.testClass5" name="testThree" time="0.002"/>
  <testcase classname="parallelExecution.testClass5" name="testTwo" time="0.003"/>
</testsuite> <!-- ModuleTestTwo -->
