<?xml version="1.0" encoding="UTF-8"?>
<testng-results ignored="4" total="8" passed="4" failed="0" skipped="0">
  <reporter-output>
  </reporter-output>
  <suite started-at="2023-07-18T12:42:54 IST" name="SampleSuite" finished-at="2023-07-18T12:42:54 IST" duration-ms="69">
    <groups>
      <group name="featureThree">
        <method signature="testClass3.testThree()[pri:0, instance:testScripts.testClass3@2a54a73f]" name="testThree" class="testScripts.testClass3"/>
        <method signature="testClass4.testThree()[pri:0, instance:testScripts.testClass4@28f2a10f]" name="testThree" class="testScripts.testClass4"/>
      </group> <!-- featureThree -->
      <group name="featureFour">
        <method signature="testClass3.testFour()[pri:0, instance:testScripts.testClass3@2a54a73f]" name="testFour" class="testScripts.testClass3"/>
        <method signature="testClass4.testFour()[pri:0, instance:testScripts.testClass4@28f2a10f]" name="testFour" class="testScripts.testClass4"/>
      </group> <!-- featureFour -->
    </groups>
    <test started-at="2023-07-18T12:42:54 IST" name="ModuleTest" finished-at="2023-07-18T12:42:54 IST" duration-ms="69">
      <class name="testScripts.testClass4">
        <test-method signature="testFour()[pri:0, instance:testScripts.testClass4@28f2a10f]" started-at="2023-07-18T12:42:54 IST" name="testFour" finished-at="2023-07-18T12:42:54 IST" duration-ms="1" status="PASS">
          <reporter-output>
          </reporter-output>
        </test-method> <!-- testFour -->
        <test-method signature="testThree()[pri:0, instance:testScripts.testClass4@28f2a10f]" started-at="2023-07-18T12:42:54 IST" name="testThree" finished-at="2023-07-18T12:42:54 IST" duration-ms="1" status="PASS">
          <reporter-output>
          </reporter-output>
        </test-method> <!-- testThree -->
      </class> <!-- testScripts.testClass4 -->
      <class name="testScripts.testClass3">
        <test-method signature="testFour()[pri:0, instance:testScripts.testClass3@2a54a73f]" started-at="2023-07-18T12:42:54 IST" name="testFour" finished-at="2023-07-18T12:42:54 IST" duration-ms="15" status="PASS">
          <reporter-output>
          </reporter-output>
        </test-method> <!-- testFour -->
        <test-method signature="testThree()[pri:0, instance:testScripts.testClass3@2a54a73f]" started-at="2023-07-18T12:42:54 IST" name="testThree" finished-at="2023-07-18T12:42:54 IST" duration-ms="1" status="PASS">
          <reporter-output>
          </reporter-output>
        </test-method> <!-- testThree -->
      </class> <!-- testScripts.testClass3 -->
    </test> <!-- ModuleTest -->
  </suite> <!-- SampleSuite -->
</testng-results>
